<?xml version="1.0" encoding="UTF-8"?>
<testsuite name="models.EncodeTest" tests="3" skipped="0" failures="0" errors="0" timestamp="2020-11-21T18:13:26" hostname="moringa-ThinkPad-T450s" time="0.004">
  <properties/>
  <testcase name="encode" classname="models.EncodeTest" time="0.001"/>
  <testcase name="runEncode_ifInputIsString" classname="models.EncodeTest" time="0.001"/>
  <testcase name="runDecoding_ifKeyIsInt" classname="models.EncodeTest" time="0.0"/>
  <system-out><![CDATA[]]></system-out>
  <system-err><![CDATA[]]></system-err>
</testsuite>
