<?xml version="1.0" encoding="UTF-8"?>
<testsuite name="models.DecodeTest" tests="1" skipped="0" failures="0" errors="0" timestamp="2020-11-20T19:27:11" hostname="moringa-ThinkPad-T450s" time="0.001">
  <properties/>
  <testcase name="name" classname="models.DecodeTest" time="0.001"/>
  <system-out><![CDATA[]]></system-out>
  <system-err><![CDATA[]]></system-err>
</testsuite>
